<?xml version="1.0" encoding="UTF-8"?>
<testng-results ignored="0" total="16" passed="14" failed="2" skipped="0">
  <reporter-output>
  </reporter-output>
  <suite started-at="2024-02-28T16:22:54 IST" name="Suite" finished-at="2024-02-28T17:04:46 IST" duration-ms="2512219">
    <groups>
      <group name="cucumber">
        <method signature="AbstractTestNGCucumberTests.runScenario(io.cucumber.testng.PickleWrapper,io.cucumber.testng.FeatureWrapper)[pri:0, instance:testRunner.TestRunner@4940809c]" name="runScenario" class="io.cucumber.testng.AbstractTestNGCucumberTests"/>
        <method signature="AbstractTestNGCucumberTests.runScenario(io.cucumber.testng.PickleWrapper,io.cucumber.testng.FeatureWrapper)[pri:0, instance:testRunner.TestRunner@7a138fc5]" name="runScenario" class="io.cucumber.testng.AbstractTestNGCucumberTests"/>
      </group> <!-- cucumber -->
    </groups>
    <test started-at="2024-02-28T16:22:54 IST" name="Test" finished-at="2024-02-28T16:54:08 IST" duration-ms="1874514">
      <class name="testCases.TC_002_isthisWebApplicationCourses">
        <test-method is-config="true" signature="setup(java.lang.String,java.lang.String)[pri:0, instance:testCases.TC_002_isthisWebApplicationCourses@293bb8a5]" started-at="2024-02-28T16:52:40 IST" name="setup" finished-at="2024-02-28T16:53:26 IST" duration-ms="45787" status="PASS">
          <params>
            <param index="0">
              <value>
                <![CDATA[Windows]]>
              </value>
            </param>
            <param index="1">
              <value>
                <![CDATA[chrome]]>
              </value>
            </param>
          </params>
          <reporter-output>
          </reporter-output>
        </test-method> <!-- setup -->
        <test-method signature="WebApplicationCourses()[pri:0, instance:testCases.TC_002_isthisWebApplicationCourses@293bb8a5]" started-at="2024-02-28T16:53:26 IST" name="WebApplicationCourses" finished-at="2024-02-28T16:54:06 IST" duration-ms="40395" status="PASS">
          <reporter-output>
          </reporter-output>
        </test-method> <!-- WebApplicationCourses -->
        <test-method is-config="true" signature="tearDown()[pri:0, instance:testCases.TC_002_isthisWebApplicationCourses@293bb8a5]" started-at="2024-02-28T16:54:07 IST" name="tearDown" finished-at="2024-02-28T16:54:08 IST" duration-ms="1216" status="PASS">
          <reporter-output>
          </reporter-output>
        </test-method> <!-- tearDown -->
      </class> <!-- testCases.TC_002_isthisWebApplicationCourses -->
      <class name="testCases.TC_015_DataDrivenandPostiveAndNegativeTesting">
        <test-method is-config="true" signature="setup(java.lang.String,java.lang.String)[pri:0, instance:testCases.TC_015_DataDrivenandPostiveAndNegativeTesting@5ab14cb9]" started-at="2024-02-28T16:22:55 IST" name="setup" finished-at="2024-02-28T16:23:39 IST" duration-ms="43539" status="PASS">
          <params>
            <param index="0">
              <value>
                <![CDATA[Windows]]>
              </value>
            </param>
            <param index="1">
              <value>
                <![CDATA[chrome]]>
              </value>
            </param>
          </params>
          <reporter-output>
          </reporter-output>
        </test-method> <!-- setup -->
        <test-method signature="verify_loginDDT(java.lang.String,java.lang.String,java.lang.String,java.lang.String,java.lang.String,java.lang.String)[pri:0, instance:testCases.TC_015_DataDrivenandPostiveAndNegativeTesting@5ab14cb9]" started-at="2024-02-28T16:23:39 IST" name="verify_loginDDT" data-provider="LoginData" finished-at="2024-02-28T16:25:05 IST" duration-ms="86348" status="PASS">
          <params>
            <param index="0">
              <value>
                <![CDATA[Shiva]]>
              </value>
            </param>
            <param index="1">
              <value>
                <![CDATA[Lord]]>
              </value>
            </param>
            <param index="2">
              <value>
                <![CDATA[shiva@anywhere.com]]>
              </value>
            </param>
            <param index="3">
              <value>
                <![CDATA[9394717660]]>
              </value>
            </param>
            <param index="4">
              <value>
                <![CDATA[AnyWhere]]>
              </value>
            </param>
            <param index="5">
              <value>
                <![CDATA[Valid]]>
              </value>
            </param>
          </params>
          <reporter-output>
          </reporter-output>
        </test-method> <!-- verify_loginDDT -->
        <test-method is-config="true" signature="tearDown()[pri:0, instance:testCases.TC_015_DataDrivenandPostiveAndNegativeTesting@5ab14cb9]" started-at="2024-02-28T16:25:05 IST" name="tearDown" finished-at="2024-02-28T16:25:06 IST" duration-ms="1217" status="PASS">
          <reporter-output>
          </reporter-output>
        </test-method> <!-- tearDown -->
        <test-method is-config="true" signature="setup(java.lang.String,java.lang.String)[pri:0, instance:testCases.TC_015_DataDrivenandPostiveAndNegativeTesting@5ab14cb9]" started-at="2024-02-28T16:25:06 IST" name="setup" finished-at="2024-02-28T16:25:49 IST" duration-ms="42819" status="PASS">
          <params>
            <param index="0">
              <value>
                <![CDATA[Windows]]>
              </value>
            </param>
            <param index="1">
              <value>
                <![CDATA[chrome]]>
              </value>
            </param>
          </params>
          <reporter-output>
          </reporter-output>
        </test-method> <!-- setup -->
        <test-method signature="verify_loginDDT(java.lang.String,java.lang.String,java.lang.String,java.lang.String,java.lang.String,java.lang.String)[pri:0, instance:testCases.TC_015_DataDrivenandPostiveAndNegativeTesting@5ab14cb9]" started-at="2024-02-28T16:25:49 IST" name="verify_loginDDT" data-provider="LoginData" finished-at="2024-02-28T16:28:12 IST" duration-ms="142830" status="PASS">
          <params>
            <param index="0">
              <value>
                <![CDATA[Vishnu]]>
              </value>
            </param>
            <param index="1">
              <value>
                <![CDATA[Lord]]>
              </value>
            </param>
            <param index="2">
              <value>
                <![CDATA[vishnu@anywhere.com]]>
              </value>
            </param>
            <param index="3">
              <value>
                <![CDATA[9194717661]]>
              </value>
            </param>
            <param index="4">
              <value>
                <![CDATA[AnyWhere]]>
              </value>
            </param>
            <param index="5">
              <value>
                <![CDATA[Valid]]>
              </value>
            </param>
          </params>
          <reporter-output>
          </reporter-output>
        </test-method> <!-- verify_loginDDT -->
        <test-method is-config="true" signature="tearDown()[pri:0, instance:testCases.TC_015_DataDrivenandPostiveAndNegativeTesting@5ab14cb9]" started-at="2024-02-28T16:28:12 IST" name="tearDown" finished-at="2024-02-28T16:28:13 IST" duration-ms="1107" status="PASS">
          <reporter-output>
          </reporter-output>
        </test-method> <!-- tearDown -->
        <test-method is-config="true" signature="setup(java.lang.String,java.lang.String)[pri:0, instance:testCases.TC_015_DataDrivenandPostiveAndNegativeTesting@5ab14cb9]" started-at="2024-02-28T16:28:13 IST" name="setup" finished-at="2024-02-28T16:28:57 IST" duration-ms="43139" status="PASS">
          <params>
            <param index="0">
              <value>
                <![CDATA[Windows]]>
              </value>
            </param>
            <param index="1">
              <value>
                <![CDATA[chrome]]>
              </value>
            </param>
          </params>
          <reporter-output>
          </reporter-output>
        </test-method> <!-- setup -->
        <test-method signature="verify_loginDDT(java.lang.String,java.lang.String,java.lang.String,java.lang.String,java.lang.String,java.lang.String)[pri:0, instance:testCases.TC_015_DataDrivenandPostiveAndNegativeTesting@5ab14cb9]" started-at="2024-02-28T16:28:57 IST" name="verify_loginDDT" data-provider="LoginData" finished-at="2024-02-28T16:31:05 IST" duration-ms="128775" status="PASS">
          <params>
            <param index="0">
              <value>
                <![CDATA[Brahma]]>
              </value>
            </param>
            <param index="1">
              <value>
                <![CDATA[Lord]]>
              </value>
            </param>
            <param index="2">
              <value>
                <![CDATA[brahma@gmail.com]]>
              </value>
            </param>
            <param index="3">
              <value>
                <![CDATA[9294717662]]>
              </value>
            </param>
            <param index="4">
              <value>
                <![CDATA[AnyWhere]]>
              </value>
            </param>
            <param index="5">
              <value>
                <![CDATA[InValid]]>
              </value>
            </param>
          </params>
          <reporter-output>
          </reporter-output>
        </test-method> <!-- verify_loginDDT -->
        <test-method is-config="true" signature="tearDown()[pri:0, instance:testCases.TC_015_DataDrivenandPostiveAndNegativeTesting@5ab14cb9]" started-at="2024-02-28T16:31:06 IST" name="tearDown" finished-at="2024-02-28T16:31:07 IST" duration-ms="1263" status="PASS">
          <reporter-output>
          </reporter-output>
        </test-method> <!-- tearDown -->
        <test-method is-config="true" signature="setup(java.lang.String,java.lang.String)[pri:0, instance:testCases.TC_015_DataDrivenandPostiveAndNegativeTesting@5ab14cb9]" started-at="2024-02-28T16:31:07 IST" name="setup" finished-at="2024-02-28T16:31:52 IST" duration-ms="44768" status="PASS">
          <params>
            <param index="0">
              <value>
                <![CDATA[Windows]]>
              </value>
            </param>
            <param index="1">
              <value>
                <![CDATA[chrome]]>
              </value>
            </param>
          </params>
          <reporter-output>
          </reporter-output>
        </test-method> <!-- setup -->
        <test-method signature="verify_loginDDT(java.lang.String,java.lang.String,java.lang.String,java.lang.String,java.lang.String,java.lang.String)[pri:0, instance:testCases.TC_015_DataDrivenandPostiveAndNegativeTesting@5ab14cb9]" started-at="2024-02-28T16:31:52 IST" name="verify_loginDDT" data-provider="LoginData" finished-at="2024-02-28T16:34:18 IST" duration-ms="146008" status="PASS">
          <params>
            <param index="0">
              <value>
                <![CDATA[Prakash]]>
              </value>
            </param>
            <param index="1">
              <value>
                <![CDATA[Man]]>
              </value>
            </param>
            <param index="2">
              <value>
                <![CDATA[prakash@cognizant.com]]>
              </value>
            </param>
            <param index="3">
              <value>
                <![CDATA[9494717663]]>
              </value>
            </param>
            <param index="4">
              <value>
                <![CDATA[Cognizant]]>
              </value>
            </param>
            <param index="5">
              <value>
                <![CDATA[Valid]]>
              </value>
            </param>
          </params>
          <reporter-output>
          </reporter-output>
        </test-method> <!-- verify_loginDDT -->
        <test-method is-config="true" signature="tearDown()[pri:0, instance:testCases.TC_015_DataDrivenandPostiveAndNegativeTesting@5ab14cb9]" started-at="2024-02-28T16:34:18 IST" name="tearDown" finished-at="2024-02-28T16:34:19 IST" duration-ms="1428" status="PASS">
          <reporter-output>
          </reporter-output>
        </test-method> <!-- tearDown -->
        <test-method is-config="true" signature="setup(java.lang.String,java.lang.String)[pri:0, instance:testCases.TC_015_DataDrivenandPostiveAndNegativeTesting@5ab14cb9]" started-at="2024-02-28T16:34:19 IST" name="setup" finished-at="2024-02-28T16:35:04 IST" duration-ms="44620" status="PASS">
          <params>
            <param index="0">
              <value>
                <![CDATA[Windows]]>
              </value>
            </param>
            <param index="1">
              <value>
                <![CDATA[chrome]]>
              </value>
            </param>
          </params>
          <reporter-output>
          </reporter-output>
        </test-method> <!-- setup -->
        <test-method signature="verify_loginDDT(java.lang.String,java.lang.String,java.lang.String,java.lang.String,java.lang.String,java.lang.String)[pri:0, instance:testCases.TC_015_DataDrivenandPostiveAndNegativeTesting@5ab14cb9]" started-at="2024-02-28T16:35:04 IST" name="verify_loginDDT" data-provider="LoginData" finished-at="2024-02-28T16:37:11 IST" duration-ms="126806" status="PASS">
          <params>
            <param index="0">
              <value>
                <![CDATA[Cow]]>
              </value>
            </param>
            <param index="1">
              <value>
                <![CDATA[Animal]]>
              </value>
            </param>
            <param index="2">
              <value>
                <![CDATA[cow@gmail.com]]>
              </value>
            </param>
            <param index="3">
              <value>
                <![CDATA[9594717664]]>
              </value>
            </param>
            <param index="4">
              <value>
                <![CDATA[Earth]]>
              </value>
            </param>
            <param index="5">
              <value>
                <![CDATA[InValid]]>
              </value>
            </param>
          </params>
          <reporter-output>
          </reporter-output>
        </test-method> <!-- verify_loginDDT -->
        <test-method is-config="true" signature="tearDown()[pri:0, instance:testCases.TC_015_DataDrivenandPostiveAndNegativeTesting@5ab14cb9]" started-at="2024-02-28T16:37:11 IST" name="tearDown" finished-at="2024-02-28T16:37:12 IST" duration-ms="1163" status="PASS">
          <reporter-output>
          </reporter-output>
        </test-method> <!-- tearDown -->
        <test-method is-config="true" signature="setup(java.lang.String,java.lang.String)[pri:0, instance:testCases.TC_015_DataDrivenandPostiveAndNegativeTesting@5ab14cb9]" started-at="2024-02-28T16:37:12 IST" name="setup" finished-at="2024-02-28T16:37:55 IST" duration-ms="43262" status="PASS">
          <params>
            <param index="0">
              <value>
                <![CDATA[Windows]]>
              </value>
            </param>
            <param index="1">
              <value>
                <![CDATA[chrome]]>
              </value>
            </param>
          </params>
          <reporter-output>
          </reporter-output>
        </test-method> <!-- setup -->
        <test-method signature="verify_loginDDT(java.lang.String,java.lang.String,java.lang.String,java.lang.String,java.lang.String,java.lang.String)[pri:0, instance:testCases.TC_015_DataDrivenandPostiveAndNegativeTesting@5ab14cb9]" started-at="2024-02-28T16:37:55 IST" name="verify_loginDDT" data-provider="LoginData" finished-at="2024-02-28T16:40:17 IST" duration-ms="142269" status="PASS">
          <params>
            <param index="0">
              <value>
                <![CDATA[Tree]]>
              </value>
            </param>
            <param index="1">
              <value>
                <![CDATA[Plant]]>
              </value>
            </param>
            <param index="2">
              <value>
                <![CDATA[tree@earth.com]]>
              </value>
            </param>
            <param index="3">
              <value>
                <![CDATA[9694717665]]>
              </value>
            </param>
            <param index="4">
              <value>
                <![CDATA[Earth]]>
              </value>
            </param>
            <param index="5">
              <value>
                <![CDATA[Valid]]>
              </value>
            </param>
          </params>
          <reporter-output>
          </reporter-output>
        </test-method> <!-- verify_loginDDT -->
        <test-method is-config="true" signature="tearDown()[pri:0, instance:testCases.TC_015_DataDrivenandPostiveAndNegativeTesting@5ab14cb9]" started-at="2024-02-28T16:40:18 IST" name="tearDown" finished-at="2024-02-28T16:40:19 IST" duration-ms="1127" status="PASS">
          <reporter-output>
          </reporter-output>
        </test-method> <!-- tearDown -->
        <test-method is-config="true" signature="setup(java.lang.String,java.lang.String)[pri:0, instance:testCases.TC_015_DataDrivenandPostiveAndNegativeTesting@5ab14cb9]" started-at="2024-02-28T16:40:19 IST" name="setup" finished-at="2024-02-28T16:41:03 IST" duration-ms="44208" status="PASS">
          <params>
            <param index="0">
              <value>
                <![CDATA[Windows]]>
              </value>
            </param>
            <param index="1">
              <value>
                <![CDATA[chrome]]>
              </value>
            </param>
          </params>
          <reporter-output>
          </reporter-output>
        </test-method> <!-- setup -->
        <test-method signature="verify_loginDDT(java.lang.String,java.lang.String,java.lang.String,java.lang.String,java.lang.String,java.lang.String)[pri:0, instance:testCases.TC_015_DataDrivenandPostiveAndNegativeTesting@5ab14cb9]" started-at="2024-02-28T16:41:03 IST" name="verify_loginDDT" data-provider="LoginData" finished-at="2024-02-28T16:43:26 IST" duration-ms="143057" status="PASS">
          <params>
            <param index="0">
              <value>
                <![CDATA[Rice]]>
              </value>
            </param>
            <param index="1">
              <value>
                <![CDATA[Food]]>
              </value>
            </param>
            <param index="2">
              <value>
                <![CDATA[rice@earth.com]]>
              </value>
            </param>
            <param index="3">
              <value>
                <![CDATA[9794717666]]>
              </value>
            </param>
            <param index="4">
              <value>
                <![CDATA[Earth]]>
              </value>
            </param>
            <param index="5">
              <value>
                <![CDATA[Valid]]>
              </value>
            </param>
          </params>
          <reporter-output>
          </reporter-output>
        </test-method> <!-- verify_loginDDT -->
        <test-method is-config="true" signature="tearDown()[pri:0, instance:testCases.TC_015_DataDrivenandPostiveAndNegativeTesting@5ab14cb9]" started-at="2024-02-28T16:43:26 IST" name="tearDown" finished-at="2024-02-28T16:43:27 IST" duration-ms="1149" status="PASS">
          <reporter-output>
          </reporter-output>
        </test-method> <!-- tearDown -->
        <test-method is-config="true" signature="setup(java.lang.String,java.lang.String)[pri:0, instance:testCases.TC_015_DataDrivenandPostiveAndNegativeTesting@5ab14cb9]" started-at="2024-02-28T16:43:27 IST" name="setup" finished-at="2024-02-28T16:44:14 IST" duration-ms="46838" status="PASS">
          <params>
            <param index="0">
              <value>
                <![CDATA[Windows]]>
              </value>
            </param>
            <param index="1">
              <value>
                <![CDATA[chrome]]>
              </value>
            </param>
          </params>
          <reporter-output>
          </reporter-output>
        </test-method> <!-- setup -->
        <test-method signature="verify_loginDDT(java.lang.String,java.lang.String,java.lang.String,java.lang.String,java.lang.String,java.lang.String)[pri:0, instance:testCases.TC_015_DataDrivenandPostiveAndNegativeTesting@5ab14cb9]" started-at="2024-02-28T16:44:14 IST" name="verify_loginDDT" data-provider="LoginData" finished-at="2024-02-28T16:46:21 IST" duration-ms="126758" status="PASS">
          <params>
            <param index="0">
              <value>
                <![CDATA[ECRBeach]]>
              </value>
            </param>
            <param index="1">
              <value>
                <![CDATA[Place]]>
              </value>
            </param>
            <param index="2">
              <value>
                <![CDATA[ecrbeach@gmail.com]]>
              </value>
            </param>
            <param index="3">
              <value>
                <![CDATA[9894717667]]>
              </value>
            </param>
            <param index="4">
              <value>
                <![CDATA[Earth]]>
              </value>
            </param>
            <param index="5">
              <value>
                <![CDATA[InValid]]>
              </value>
            </param>
          </params>
          <reporter-output>
          </reporter-output>
        </test-method> <!-- verify_loginDDT -->
        <test-method is-config="true" signature="tearDown()[pri:0, instance:testCases.TC_015_DataDrivenandPostiveAndNegativeTesting@5ab14cb9]" started-at="2024-02-28T16:46:21 IST" name="tearDown" finished-at="2024-02-28T16:46:22 IST" duration-ms="1134" status="PASS">
          <reporter-output>
          </reporter-output>
        </test-method> <!-- tearDown -->
        <test-method is-config="true" signature="setup(java.lang.String,java.lang.String)[pri:0, instance:testCases.TC_015_DataDrivenandPostiveAndNegativeTesting@5ab14cb9]" started-at="2024-02-28T16:46:22 IST" name="setup" finished-at="2024-02-28T16:47:07 IST" duration-ms="44474" status="PASS">
          <params>
            <param index="0">
              <value>
                <![CDATA[Windows]]>
              </value>
            </param>
            <param index="1">
              <value>
                <![CDATA[chrome]]>
              </value>
            </param>
          </params>
          <reporter-output>
          </reporter-output>
        </test-method> <!-- setup -->
        <test-method signature="verify_loginDDT(java.lang.String,java.lang.String,java.lang.String,java.lang.String,java.lang.String,java.lang.String)[pri:0, instance:testCases.TC_015_DataDrivenandPostiveAndNegativeTesting@5ab14cb9]" started-at="2024-02-28T16:47:07 IST" name="verify_loginDDT" data-provider="LoginData" finished-at="2024-02-28T16:49:30 IST" duration-ms="143291" status="PASS">
          <params>
            <param index="0">
              <value>
                <![CDATA[Book]]>
              </value>
            </param>
            <param index="1">
              <value>
                <![CDATA[Object]]>
              </value>
            </param>
            <param index="2">
              <value>
                <![CDATA[book@earth.com]]>
              </value>
            </param>
            <param index="3">
              <value>
                <![CDATA[9994717668]]>
              </value>
            </param>
            <param index="4">
              <value>
                <![CDATA[Earth]]>
              </value>
            </param>
            <param index="5">
              <value>
                <![CDATA[Valid]]>
              </value>
            </param>
          </params>
          <reporter-output>
          </reporter-output>
        </test-method> <!-- verify_loginDDT -->
        <test-method is-config="true" signature="tearDown()[pri:0, instance:testCases.TC_015_DataDrivenandPostiveAndNegativeTesting@5ab14cb9]" started-at="2024-02-28T16:49:30 IST" name="tearDown" finished-at="2024-02-28T16:49:31 IST" duration-ms="1079" status="PASS">
          <reporter-output>
          </reporter-output>
        </test-method> <!-- tearDown -->
        <test-method is-config="true" signature="setup(java.lang.String,java.lang.String)[pri:0, instance:testCases.TC_015_DataDrivenandPostiveAndNegativeTesting@5ab14cb9]" started-at="2024-02-28T16:49:31 IST" name="setup" finished-at="2024-02-28T16:50:17 IST" duration-ms="45369" status="PASS">
          <params>
            <param index="0">
              <value>
                <![CDATA[Windows]]>
              </value>
            </param>
            <param index="1">
              <value>
                <![CDATA[chrome]]>
              </value>
            </param>
          </params>
          <reporter-output>
          </reporter-output>
        </test-method> <!-- setup -->
        <test-method signature="verify_loginDDT(java.lang.String,java.lang.String,java.lang.String,java.lang.String,java.lang.String,java.lang.String)[pri:0, instance:testCases.TC_015_DataDrivenandPostiveAndNegativeTesting@5ab14cb9]" started-at="2024-02-28T16:50:17 IST" name="verify_loginDDT" data-provider="LoginData" finished-at="2024-02-28T16:52:39 IST" duration-ms="142303" status="PASS">
          <params>
            <param index="0">
              <value>
                <![CDATA[Phone]]>
              </value>
            </param>
            <param index="1">
              <value>
                <![CDATA[Communication]]>
              </value>
            </param>
            <param index="2">
              <value>
                <![CDATA[phone@electromagneticwaves.com]]>
              </value>
            </param>
            <param index="3">
              <value>
                <![CDATA[9104717669]]>
              </value>
            </param>
            <param index="4">
              <value>
                <![CDATA[ElectroMagneticWaves]]>
              </value>
            </param>
            <param index="5">
              <value>
                <![CDATA[Valid]]>
              </value>
            </param>
          </params>
          <reporter-output>
          </reporter-output>
        </test-method> <!-- verify_loginDDT -->
        <test-method is-config="true" signature="tearDown()[pri:0, instance:testCases.TC_015_DataDrivenandPostiveAndNegativeTesting@5ab14cb9]" started-at="2024-02-28T16:52:39 IST" name="tearDown" finished-at="2024-02-28T16:52:40 IST" duration-ms="1097" status="PASS">
          <reporter-output>
          </reporter-output>
        </test-method> <!-- tearDown -->
      </class> <!-- testCases.TC_015_DataDrivenandPostiveAndNegativeTesting -->
    </test> <!-- Test -->
    <test started-at="2024-02-28T16:54:09 IST" name="Test1" finished-at="2024-02-28T16:56:00 IST" duration-ms="110959">
      <class name="testCases.TC_009_LanguageNames">
        <test-method is-config="true" signature="setup(java.lang.String,java.lang.String)[pri:0, instance:testCases.TC_009_LanguageNames@2b52c0d6]" started-at="2024-02-28T16:54:09 IST" name="setup" finished-at="2024-02-28T16:54:54 IST" duration-ms="45575" status="PASS">
          <params>
            <param index="0">
              <value>
                <![CDATA[Windows]]>
              </value>
            </param>
            <param index="1">
              <value>
                <![CDATA[edge]]>
              </value>
            </param>
          </params>
          <reporter-output>
          </reporter-output>
        </test-method> <!-- setup -->
        <test-method signature="LanguagesNames()[pri:0, instance:testCases.TC_009_LanguageNames@2b52c0d6]" started-at="2024-02-28T16:54:54 IST" name="LanguagesNames" finished-at="2024-02-28T16:55:59 IST" duration-ms="64247" status="PASS">
          <reporter-output>
          </reporter-output>
        </test-method> <!-- LanguagesNames -->
        <test-method is-config="true" signature="tearDown()[pri:0, instance:testCases.TC_009_LanguageNames@2b52c0d6]" started-at="2024-02-28T16:55:59 IST" name="tearDown" finished-at="2024-02-28T16:56:00 IST" duration-ms="1134" status="PASS">
          <reporter-output>
          </reporter-output>
        </test-method> <!-- tearDown -->
      </class> <!-- testCases.TC_009_LanguageNames -->
    </test> <!-- Test1 -->
    <test started-at="2024-02-28T16:56:00 IST" name="Test2" finished-at="2024-02-28T16:59:51 IST" duration-ms="231753">
      <class name="testRunner.TestRunner">
        <test-method is-config="true" signature="setUpClass(org.testng.ITestContext)[pri:0, instance:testRunner.TestRunner@4940809c]" started-at="2024-02-28T16:56:00 IST" name="setUpClass" finished-at="2024-02-28T16:56:00 IST" duration-ms="514" status="PASS">
          <params>
            <param index="0">
              <value>
                <![CDATA[org.testng.TestRunner@1c4de603]]>
              </value>
            </param>
          </params>
          <reporter-output>
          </reporter-output>
        </test-method> <!-- setUpClass -->
        <test-method is-config="true" signature="set(org.testng.ITestContext)[pri:0, instance:testRunner.TestRunner@4940809c]" started-at="2024-02-28T16:56:00 IST" name="set" finished-at="2024-02-28T16:56:00 IST" duration-ms="0" status="PASS">
          <params>
            <param index="0">
              <value>
                <![CDATA[org.testng.TestRunner@1c4de603]]>
              </value>
            </param>
          </params>
          <reporter-output>
          </reporter-output>
        </test-method> <!-- set -->
        <test-method signature="runScenario(io.cucumber.testng.PickleWrapper,io.cucumber.testng.FeatureWrapper)[pri:0, instance:testRunner.TestRunner@4940809c]" started-at="2024-02-28T16:56:00 IST" name="runScenario" description="Runs Cucumber Scenarios" data-provider="scenarios" finished-at="2024-02-28T16:56:56 IST" duration-ms="55779" status="FAIL">
          <params>
            <param index="0">
              <value>
                <![CDATA["Levels and Languages of Language Learnings"]]>
              </value>
            </param>
            <param index="1">
              <value>
                <![CDATA["Optional[Language Learning]"]]>
              </value>
            </param>
          </params>
          <exception class="org.openqa.selenium.NoSuchWindowException">
            <message>
              <![CDATA[no such window: target window already closed
from unknown error: web view not found
  (Session info: chrome=118.0.5993.71)
Build info: version: '4.15.0', revision: '1d14b5521b'
System info: os.name: 'Windows 11', os.arch: 'amd64', os.version: '10.0', java.version: '17.0.9'
Driver info: org.openqa.selenium.chrome.ChromeDriver
Command: [2ea377adcf3d9ae4960268f5a2ba8f7a, findElement {using=xpath, value=//a[normalize-space()='All Language Courses']}]
Capabilities {acceptInsecureCerts: false, browserName: chrome, browserVersion: 118.0.5993.71, chrome: {chromedriverVersion: 118.0.5993.70 (e52f33f30b91..., userDataDir: C:\Windows\SystemTemp\scope...}, fedcm:accounts: true, goog:chromeOptions: {debuggerAddress: localhost:55061}, networkConnectionEnabled: false, pageLoadStrategy: normal, platformName: windows, proxy: Proxy(), se:cdp: ws://localhost:55061/devtoo..., se:cdpVersion: 118.0.5993.71, setWindowRect: true, strictFileInteractability: false, timeouts: {implicit: 0, pageLoad: 300000, script: 30000}, unhandledPromptBehavior: dismiss and notify, webauthn:extension:credBlob: true, webauthn:extension:largeBlob: true, webauthn:extension:minPinLength: true, webauthn:extension:prf: true, webauthn:virtualAuthenticators: true}
Session ID: 2ea377adcf3d9ae4960268f5a2ba8f7a]]>
            </message>
            <full-stacktrace>
              <![CDATA[org.openqa.selenium.NoSuchWindowException: no such window: target window already closed
from unknown error: web view not found
  (Session info: chrome=118.0.5993.71)
Build info: version: '4.15.0', revision: '1d14b5521b'
System info: os.name: 'Windows 11', os.arch: 'amd64', os.version: '10.0', java.version: '17.0.9'
Driver info: org.openqa.selenium.chrome.ChromeDriver
Command: [2ea377adcf3d9ae4960268f5a2ba8f7a, findElement {using=xpath, value=//a[normalize-space()='All Language Courses']}]
Capabilities {acceptInsecureCerts: false, browserName: chrome, browserVersion: 118.0.5993.71, chrome: {chromedriverVersion: 118.0.5993.70 (e52f33f30b91..., userDataDir: C:\Windows\SystemTemp\scope...}, fedcm:accounts: true, goog:chromeOptions: {debuggerAddress: localhost:55061}, networkConnectionEnabled: false, pageLoadStrategy: normal, platformName: windows, proxy: Proxy(), se:cdp: ws://localhost:55061/devtoo..., se:cdpVersion: 118.0.5993.71, setWindowRect: true, strictFileInteractability: false, timeouts: {implicit: 0, pageLoad: 300000, script: 30000}, unhandledPromptBehavior: dismiss and notify, webauthn:extension:credBlob: true, webauthn:extension:largeBlob: true, webauthn:extension:minPinLength: true, webauthn:extension:prf: true, webauthn:virtualAuthenticators: true}
Session ID: 2ea377adcf3d9ae4960268f5a2ba8f7a
at java.base/jdk.internal.reflect.NativeConstructorAccessorImpl.newInstance0(Native Method)
at java.base/jdk.internal.reflect.NativeConstructorAccessorImpl.newInstance(NativeConstructorAccessorImpl.java:77)
at java.base/jdk.internal.reflect.DelegatingConstructorAccessorImpl.newInstance(DelegatingConstructorAccessorImpl.java:45)
at java.base/java.lang.reflect.Constructor.newInstanceWithCaller(Constructor.java:499)
at java.base/java.lang.reflect.Constructor.newInstance(Constructor.java:480)
at org.openqa.selenium.remote.codec.w3c.W3CHttpResponseCodec.createException(W3CHttpResponseCodec.java:200)
at org.openqa.selenium.remote.codec.w3c.W3CHttpResponseCodec.decode(W3CHttpResponseCodec.java:133)
at org.openqa.selenium.remote.codec.w3c.W3CHttpResponseCodec.decode(W3CHttpResponseCodec.java:52)
at org.openqa.selenium.remote.HttpCommandExecutor.execute(HttpCommandExecutor.java:191)
at org.openqa.selenium.remote.service.DriverCommandExecutor.invokeExecute(DriverCommandExecutor.java:200)
at org.openqa.selenium.remote.service.DriverCommandExecutor.execute(DriverCommandExecutor.java:175)
at org.openqa.selenium.remote.RemoteWebDriver.execute(RemoteWebDriver.java:607)
at org.openqa.selenium.remote.ElementLocation$ElementFinder$2.findElement(ElementLocation.java:165)
at org.openqa.selenium.remote.ElementLocation.findElement(ElementLocation.java:59)
at org.openqa.selenium.remote.RemoteWebDriver.findElement(RemoteWebDriver.java:364)
at org.openqa.selenium.remote.RemoteWebDriver.findElement(RemoteWebDriver.java:358)
at org.openqa.selenium.support.pagefactory.DefaultElementLocator.findElement(DefaultElementLocator.java:68)
at org.openqa.selenium.support.pagefactory.internal.LocatingElementHandler.invoke(LocatingElementHandler.java:38)
at jdk.proxy2/jdk.proxy2.$Proxy32.click(Unknown Source)
at pageObjects.explorePage.clickOnAllLanguageCourses(explorePage.java:35)
at StepDefinitionsFiles.TC_018_LanguageLearningModule.click_on_the_all_language_courses(TC_018_LanguageLearningModule.java:44)
at ✽.click on the All language Courses(file:///C:/Users/2303722/eclipse-workspace/IdentifingCourses/./Features/LanguageLearning.feature:9)
]]>
            </full-stacktrace>
          </exception> <!-- org.openqa.selenium.NoSuchWindowException -->
          <reporter-output>
          </reporter-output>
        </test-method> <!-- runScenario -->
        <test-method signature="runScenario(io.cucumber.testng.PickleWrapper,io.cucumber.testng.FeatureWrapper)[pri:0, instance:testRunner.TestRunner@4940809c]" started-at="2024-02-28T16:56:56 IST" name="runScenario" description="Runs Cucumber Scenarios" data-provider="scenarios" finished-at="2024-02-28T16:59:49 IST" duration-ms="172654" status="PASS">
          <params>
            <param index="0">
              <value>
                <![CDATA["Retriving data of WebDevelopment Courses"]]>
              </value>
            </param>
            <param index="1">
              <value>
                <![CDATA["Optional[Web Development Courses]"]]>
              </value>
            </param>
          </params>
          <reporter-output>
          </reporter-output>
        </test-method> <!-- runScenario -->
        <test-method is-config="true" signature="tearDownClass()[pri:0, instance:testRunner.TestRunner@4940809c]" started-at="2024-02-28T16:59:49 IST" name="tearDownClass" finished-at="2024-02-28T16:59:51 IST" duration-ms="2795" status="PASS">
          <reporter-output>
          </reporter-output>
        </test-method> <!-- tearDownClass -->
      </class> <!-- testRunner.TestRunner -->
    </test> <!-- Test2 -->
    <test started-at="2024-02-28T16:59:51 IST" name="Test3" finished-at="2024-02-28T17:04:46 IST" duration-ms="294500">
      <class name="testRunner.TestRunner">
        <test-method is-config="true" signature="setUpClass(org.testng.ITestContext)[pri:0, instance:testRunner.TestRunner@7a138fc5]" started-at="2024-02-28T16:59:51 IST" name="setUpClass" finished-at="2024-02-28T16:59:51 IST" duration-ms="22" status="PASS">
          <params>
            <param index="0">
              <value>
                <![CDATA[org.testng.TestRunner@3d381435]]>
              </value>
            </param>
          </params>
          <reporter-output>
          </reporter-output>
        </test-method> <!-- setUpClass -->
        <test-method is-config="true" signature="set(org.testng.ITestContext)[pri:0, instance:testRunner.TestRunner@7a138fc5]" started-at="2024-02-28T16:59:51 IST" name="set" finished-at="2024-02-28T16:59:51 IST" duration-ms="0" status="PASS">
          <params>
            <param index="0">
              <value>
                <![CDATA[org.testng.TestRunner@3d381435]]>
              </value>
            </param>
          </params>
          <reporter-output>
          </reporter-output>
        </test-method> <!-- set -->
        <test-method signature="runScenario(io.cucumber.testng.PickleWrapper,io.cucumber.testng.FeatureWrapper)[pri:0, instance:testRunner.TestRunner@7a138fc5]" started-at="2024-02-28T16:59:51 IST" name="runScenario" description="Runs Cucumber Scenarios" data-provider="scenarios" finished-at="2024-02-28T17:01:10 IST" duration-ms="78804" status="FAIL">
          <params>
            <param index="0">
              <value>
                <![CDATA["Levels and Languages of Language Learnings"]]>
              </value>
            </param>
            <param index="1">
              <value>
                <![CDATA["Optional[Language Learning]"]]>
              </value>
            </param>
          </params>
          <exception class="org.openqa.selenium.ElementNotInteractableException">
            <message>
              <![CDATA[element not interactable
  (Session info: MicrosoftEdge=122.0.2365.52)
Build info: version: '4.15.0', revision: '1d14b5521b'
System info: os.name: 'Windows 11', os.arch: 'amd64', os.version: '10.0', java.version: '17.0.9'
Driver info: org.openqa.selenium.edge.EdgeDriver
Command: [be4976b23b8af4dc0196fc63d35ce3de, clickElement {id=f.0970CAE33BBA2DBBB7B9A4F35664B5C1.d.C75D5268273439016CC471B5E2024C9A.e.38}]
Capabilities {acceptInsecureCerts: false, browserName: MicrosoftEdge, browserVersion: 122.0.2365.52, fedcm:accounts: true, ms:edgeOptions: {debuggerAddress: localhost:55343}, msedge: {msedgedriverVersion: 122.0.2365.52 (dcf246d1e496..., userDataDir: C:\Windows\SystemTemp\scope...}, networkConnectionEnabled: false, pageLoadStrategy: normal, platformName: windows, proxy: Proxy(), se:cdp: ws://localhost:55343/devtoo..., se:cdpVersion: 122.0.2365.52, setWindowRect: true, strictFileInteractability: false, timeouts: {implicit: 0, pageLoad: 300000, script: 30000}, unhandledPromptBehavior: dismiss and notify, webauthn:extension:credBlob: true, webauthn:extension:largeBlob: true, webauthn:extension:minPinLength: true, webauthn:extension:prf: true, webauthn:virtualAuthenticators: true}
Element: [[EdgeDriver: MicrosoftEdge on windows (be4976b23b8af4dc0196fc63d35ce3de)] -> id: language-learning~menu-item]
Session ID: be4976b23b8af4dc0196fc63d35ce3de]]>
            </message>
            <full-stacktrace>
              <![CDATA[org.openqa.selenium.ElementNotInteractableException: element not interactable
  (Session info: MicrosoftEdge=122.0.2365.52)
Build info: version: '4.15.0', revision: '1d14b5521b'
System info: os.name: 'Windows 11', os.arch: 'amd64', os.version: '10.0', java.version: '17.0.9'
Driver info: org.openqa.selenium.edge.EdgeDriver
Command: [be4976b23b8af4dc0196fc63d35ce3de, clickElement {id=f.0970CAE33BBA2DBBB7B9A4F35664B5C1.d.C75D5268273439016CC471B5E2024C9A.e.38}]
Capabilities {acceptInsecureCerts: false, browserName: MicrosoftEdge, browserVersion: 122.0.2365.52, fedcm:accounts: true, ms:edgeOptions: {debuggerAddress: localhost:55343}, msedge: {msedgedriverVersion: 122.0.2365.52 (dcf246d1e496..., userDataDir: C:\Windows\SystemTemp\scope...}, networkConnectionEnabled: false, pageLoadStrategy: normal, platformName: windows, proxy: Proxy(), se:cdp: ws://localhost:55343/devtoo..., se:cdpVersion: 122.0.2365.52, setWindowRect: true, strictFileInteractability: false, timeouts: {implicit: 0, pageLoad: 300000, script: 30000}, unhandledPromptBehavior: dismiss and notify, webauthn:extension:credBlob: true, webauthn:extension:largeBlob: true, webauthn:extension:minPinLength: true, webauthn:extension:prf: true, webauthn:virtualAuthenticators: true}
Element: [[EdgeDriver: MicrosoftEdge on windows (be4976b23b8af4dc0196fc63d35ce3de)] -> id: language-learning~menu-item]
Session ID: be4976b23b8af4dc0196fc63d35ce3de
at java.base/jdk.internal.reflect.NativeConstructorAccessorImpl.newInstance0(Native Method)
at java.base/jdk.internal.reflect.NativeConstructorAccessorImpl.newInstance(NativeConstructorAccessorImpl.java:77)
at java.base/jdk.internal.reflect.DelegatingConstructorAccessorImpl.newInstance(DelegatingConstructorAccessorImpl.java:45)
at java.base/java.lang.reflect.Constructor.newInstanceWithCaller(Constructor.java:499)
at java.base/java.lang.reflect.Constructor.newInstance(Constructor.java:480)
at org.openqa.selenium.remote.codec.w3c.W3CHttpResponseCodec.createException(W3CHttpResponseCodec.java:200)
at org.openqa.selenium.remote.codec.w3c.W3CHttpResponseCodec.decode(W3CHttpResponseCodec.java:133)
at org.openqa.selenium.remote.codec.w3c.W3CHttpResponseCodec.decode(W3CHttpResponseCodec.java:52)
at org.openqa.selenium.remote.HttpCommandExecutor.execute(HttpCommandExecutor.java:191)
at org.openqa.selenium.remote.service.DriverCommandExecutor.invokeExecute(DriverCommandExecutor.java:200)
at org.openqa.selenium.remote.service.DriverCommandExecutor.execute(DriverCommandExecutor.java:175)
at org.openqa.selenium.remote.RemoteWebDriver.execute(RemoteWebDriver.java:607)
at org.openqa.selenium.remote.RemoteWebElement.execute(RemoteWebElement.java:224)
at org.openqa.selenium.remote.RemoteWebElement.click(RemoteWebElement.java:77)
at jdk.internal.reflect.GeneratedMethodAccessor1.invoke(Unknown Source)
at java.base/jdk.internal.reflect.DelegatingMethodAccessorImpl.invoke(DelegatingMethodAccessorImpl.java:43)
at java.base/java.lang.reflect.Method.invoke(Method.java:568)
at org.openqa.selenium.support.pagefactory.internal.LocatingElementHandler.invoke(LocatingElementHandler.java:51)
at jdk.proxy2/jdk.proxy2.$Proxy32.click(Unknown Source)
at pageObjects.explorePage.clickOnLanguageLearning(explorePage.java:28)
at StepDefinitionsFiles.TC_018_LanguageLearningModule.click_on_the_language_learning(TC_018_LanguageLearningModule.java:39)
at ✽.click on the language Learning(file:///C:/Users/2303722/eclipse-workspace/IdentifingCourses/./Features/LanguageLearning.feature:8)
]]>
            </full-stacktrace>
          </exception> <!-- org.openqa.selenium.ElementNotInteractableException -->
          <reporter-output>
          </reporter-output>
        </test-method> <!-- runScenario -->
        <test-method signature="runScenario(io.cucumber.testng.PickleWrapper,io.cucumber.testng.FeatureWrapper)[pri:0, instance:testRunner.TestRunner@7a138fc5]" started-at="2024-02-28T17:01:10 IST" name="runScenario" description="Runs Cucumber Scenarios" data-provider="scenarios" finished-at="2024-02-28T17:04:43 IST" duration-ms="213187" status="PASS">
          <params>
            <param index="0">
              <value>
                <![CDATA["Retriving data of WebDevelopment Courses"]]>
              </value>
            </param>
            <param index="1">
              <value>
                <![CDATA["Optional[Web Development Courses]"]]>
              </value>
            </param>
          </params>
          <reporter-output>
          </reporter-output>
        </test-method> <!-- runScenario -->
        <test-method is-config="true" signature="tearDownClass()[pri:0, instance:testRunner.TestRunner@7a138fc5]" started-at="2024-02-28T17:04:43 IST" name="tearDownClass" finished-at="2024-02-28T17:04:46 IST" duration-ms="2483" status="PASS">
          <reporter-output>
          </reporter-output>
        </test-method> <!-- tearDownClass -->
      </class> <!-- testRunner.TestRunner -->
    </test> <!-- Test3 -->
  </suite> <!-- Suite -->
</testng-results>
